ERROR!: 18:39:39 Nov 28 2012 INVALID FROMATED FILE
ERROR!: 18:46:28 Nov 28 2012 INVALID FROMATED FILE
ERROR!: 15:16:27 Nov 30 2012 INVALID FROMATED FILE
ERROR!: 15:26:43 Nov 30 2012 INVALID FROMATED FILE
ERROR!: 15:26:57 Nov 30 2012 INVALID FROMATED FILE
ERROR!: 15:34:02 Nov 30 2012 ERROR AT CONTACT NAME
ERROR!: 15:34:10 Nov 30 2012 ERROR AT CONTACT NAME
ERROR!: 15:34:10 Nov 30 2012 ERROR AT CONTACT NAME
ERROR!: 15:34:54 Nov 30 2012 INVALID FROMATED FILE
ERROR!: 15:34:54 Nov 30 2012 INVALID FROMATED FILE
ERROR!: 15:35:38 Nov 30 2012 ERROR AT EMAIL ADDRESS
ERROR!: 15:35:38 Nov 30 2012 ERROR AT EMAIL ADDRESS
ERROR!: 18:34:25 Nov 30 2012 INVALID FROMATED FILE
ERROR!: 18:34:25 Nov 30 2012 INVALID FROMATED FILE
ERROR!: 18:34:25 Nov 30 2012 INVALID FROMATED FILE
ERROR!: 18:34:25 Nov 30 2012 INVALID FROMATED FILE
ERROR!: 18:34:25 Nov 30 2012 INVALID FROMATED FILE
ERROR!: 18:34:25 Nov 30 2012 INVALID FROMATED FILE
ERROR!: 18:34:25 Nov 30 2012 INVALID FROMATED FILE
ERROR!: 18:34:25 Nov 30 2012 INVALID FROMATED FILE
ERROR!: 18:34:25 Nov 30 2012 INVALID FROMATED FILE
ERROR!: 18:39:25 Nov 30 2012 ERROR AT PHONE NUMBER
ERROR!: 18:39:37 Nov 30 2012 ERROR AT PHONE NUMBER
ERROR!: 18:40:03 Nov 30 2012 ERROR AT PHONE NUMBER
ERROR!: 10:52:18 Dec  1 2012 ERROR AT PHONE NUMBER
ERROR!: 11:00:03 Dec  1 2012 ERROR AT PHONE NUMBER
ERROR!: 11:00:03 Dec  1 2012 ERROR AT PHONE NUMBER
